c:\users\51968\documents\github\proyectos c++\proyectos-poo---juegos\pjlaberintoplp\pjlaberintoplp\release\vc142.pdb
c:\users\51968\documents\github\proyectos c++\proyectos-poo---juegos\pjlaberintoplp\pjlaberintoplp\release\.netframework,version=v4.7.2.assemblyattributes.obj
c:\users\51968\documents\github\proyectos c++\proyectos-poo---juegos\pjlaberintoplp\pjlaberintoplp\release\myform.obj
c:\users\51968\documents\github\proyectos c++\proyectos-poo---juegos\pjlaberintoplp\pjlaberintoplp\release\cvvida.obj
c:\users\51968\documents\github\proyectos c++\proyectos-poo---juegos\pjlaberintoplp\pjlaberintoplp\release\cvida.obj
c:\users\51968\documents\github\proyectos c++\proyectos-poo---juegos\pjlaberintoplp\pjlaberintoplp\release\cvbloque.obj
c:\users\51968\documents\github\proyectos c++\proyectos-poo---juegos\pjlaberintoplp\pjlaberintoplp\release\cvaliado.obj
c:\users\51968\documents\github\proyectos c++\proyectos-poo---juegos\pjlaberintoplp\pjlaberintoplp\release\cobjeto.obj
c:\users\51968\documents\github\proyectos c++\proyectos-poo---juegos\pjlaberintoplp\pjlaberintoplp\release\cjugador.obj
c:\users\51968\documents\github\proyectos c++\proyectos-poo---juegos\pjlaberintoplp\pjlaberintoplp\release\ccorrupt.obj
c:\users\51968\documents\github\proyectos c++\proyectos-poo---juegos\pjlaberintoplp\pjlaberintoplp\release\cbloque.obj
c:\users\51968\documents\github\proyectos c++\proyectos-poo---juegos\pjlaberintoplp\pjlaberintoplp\release\cassasin.obj
c:\users\51968\documents\github\proyectos c++\proyectos-poo---juegos\pjlaberintoplp\pjlaberintoplp\release\caliado.obj
c:\users\51968\documents\github\proyectos c++\proyectos-poo---juegos\pjlaberintoplp\pjlaberintoplp\release\pjlaberintoplp.myform.resources
c:\users\51968\documents\github\proyectos c++\proyectos-poo---juegos\pjlaberintoplp\pjlaberintoplp\release\pjlaberintoplp.vcxproj.generateresource.cache
c:\users\51968\documents\github\proyectos c++\proyectos-poo---juegos\pjlaberintoplp\pjlaberintoplp\release\pjlaberintoplp.tlog\cl.command.1.tlog
c:\users\51968\documents\github\proyectos c++\proyectos-poo---juegos\pjlaberintoplp\pjlaberintoplp\release\pjlaberintoplp.tlog\cl.read.1.tlog
c:\users\51968\documents\github\proyectos c++\proyectos-poo---juegos\pjlaberintoplp\pjlaberintoplp\release\pjlaberintoplp.tlog\cl.write.1.tlog
c:\users\51968\documents\github\proyectos c++\proyectos-poo---juegos\pjlaberintoplp\pjlaberintoplp\release\pjlaberintoplp.tlog\link.21676.read.1.tlog
c:\users\51968\documents\github\proyectos c++\proyectos-poo---juegos\pjlaberintoplp\pjlaberintoplp\release\pjlaberintoplp.tlog\link.21676.read.2.tlog
c:\users\51968\documents\github\proyectos c++\proyectos-poo---juegos\pjlaberintoplp\pjlaberintoplp\release\pjlaberintoplp.tlog\link.21676.write.1.tlog
c:\users\51968\documents\github\proyectos c++\proyectos-poo---juegos\pjlaberintoplp\pjlaberintoplp\release\pjlaberintoplp.tlog\link.command.1.tlog
c:\users\51968\documents\github\proyectos c++\proyectos-poo---juegos\pjlaberintoplp\pjlaberintoplp\release\pjlaberintoplp.tlog\link.read.1.tlog
c:\users\51968\documents\github\proyectos c++\proyectos-poo---juegos\pjlaberintoplp\pjlaberintoplp\release\pjlaberintoplp.tlog\link.read.2.tlog
c:\users\51968\documents\github\proyectos c++\proyectos-poo---juegos\pjlaberintoplp\pjlaberintoplp\release\pjlaberintoplp.tlog\link.write.1.tlog
c:\users\51968\documents\github\proyectos c++\proyectos-poo---juegos\pjlaberintoplp\pjlaberintoplp\release\pjlaberintoplp.tlog\metagen.read.1.tlog
c:\users\51968\documents\github\proyectos c++\proyectos-poo---juegos\pjlaberintoplp\pjlaberintoplp\release\pjlaberintoplp.tlog\metagen.write.1.tlog
c:\users\51968\documents\github\proyectos c++\proyectos-poo---juegos\pjlaberintoplp\pjlaberintoplp\release\pjlaberintoplp.tlog\pjlaberintoplp.write.1u.tlog
